<?xml version="1.0" encoding="UTF-8"?>
<!-- Generated by org.testng.reporters.JUnitReportReporter -->
<testsuite skipped="0" hostname="WINCTRL-HCOKKA5" name="com.logs.Log4jTest" tests="1" failures="0" timestamp="21 Feb 2018 11:58:47 GMT" time="32.503" errors="0">
  <testcase name="testBrowserHistory" time="32.503" classname="com.logs.Log4jTest"/>
</testsuite> <!-- com.logs.Log4jTest -->
